INFO 2025-05-21 06:00:19,013 autoreload Watching for file changes with StatReloader
INFO 2025-05-21 06:01:34,214 basehttp "POST /api/token/ HTTP/1.1" 200 483
INFO 2025-05-21 06:01:44,426 basehttp "GET /api/stocks/significant-events/ HTTP/1.1" 200 52
INFO 2025-05-21 06:01:56,089 basehttp "GET /api/stocks/symbols/ HTTP/1.1" 200 52
INFO 2025-05-21 06:02:23,224 basehttp "GET /api/stocks/symbols/ HTTP/1.1" 200 186
INFO 2025-05-21 06:02:41,734 basehttp "GET /api/stocks/price-history/?symbol__ticker=GOOGL HTTP/1.1" 200 52
INFO 2025-05-21 06:06:42,699 basehttp "GET /api/stocks/significant-events/ HTTP/1.1" 200 2131
INFO 2025-05-21 06:06:58,632 basehttp "GET /api/stocks/price-history/?symbol__ticker=GOOGL HTTP/1.1" 200 1393
INFO 2025-05-21 06:09:20,741 autoreload /home/ubuntu/workspace/polygon/financial_analyzer/urls.py changed, reloading.
INFO 2025-05-21 06:09:21,211 autoreload Watching for file changes with StatReloader
INFO 2025-05-23 08:59:02,929 autoreload Watching for file changes with StatReloader
INFO 2025-05-23 08:59:55,781 basehttp "POST /api/token/ HTTP/1.1" 200 483
INFO 2025-05-23 09:00:43,415 basehttp "POST /api/token/verify/ HTTP/1.1" 200 2
INFO 2025-05-23 09:00:58,157 basehttp "POST /api/users/register/ HTTP/1.1" 201 194
INFO 2025-05-23 09:02:47,276 basehttp "GET /api/stocks/significant-events/?symbol__ticker=GOOGL&event_type=PRICE_INCREASE HTTP/1.1" 200 52
WARNING 2025-05-23 09:02:57,460 log Not Found: /api/admin/task-status/12345678-1234-5678-1234-567812345678/
WARNING 2025-05-23 09:02:57,462 basehttp "GET /api/admin/task-status/12345678-1234-5678-1234-567812345678/ HTTP/1.1" 404 3214
INFO 2025-05-23 09:03:08,922 basehttp "GET /api/stocks/test-query-page/ HTTP/1.1" 302 0
WARNING 2025-05-23 09:03:08,929 log Not Found: /accounts/login/
WARNING 2025-05-23 09:03:08,930 basehttp "GET /accounts/login/?next=/api/stocks/test-query-page/ HTTP/1.1" 404 3116
INFO 2025-05-23 09:03:26,403 basehttp "GET /api/stocks/test-query-page/ HTTP/1.1" 302 0
WARNING 2025-05-23 09:03:26,414 log Not Found: /accounts/login/
WARNING 2025-05-23 09:03:26,415 basehttp "GET /accounts/login/?next=/api/stocks/test-query-page/ HTTP/1.1" 404 3116
WARNING 2025-05-23 09:03:32,586 log Not Found: /api/stocks/daily-aggregates/
WARNING 2025-05-23 09:03:32,587 basehttp "GET /api/stocks/daily-aggregates/?symbol=GOOGL&days=30 HTTP/1.1" 404 9140
WARNING 2025-05-23 09:03:39,654 log Not Found: /api/stocks/fetch-latest/
WARNING 2025-05-23 09:03:39,655 basehttp "POST /api/stocks/fetch-latest/ HTTP/1.1" 404 9104
INFO 2025-05-23 09:03:45,786 analysis_service Initializing price cache from database...
INFO 2025-05-23 09:03:45,790 analysis_service Price cache initialization complete. Loaded 2 symbols.
INFO 2025-05-23 09:03:45,799 basehttp "GET /api/stocks/event-summary/ HTTP/1.1" 200 171
INFO 2025-05-23 09:04:00,452 basehttp "GET /api/stocks/price-history/?symbol__ticker=GOOGL HTTP/1.1" 200 1393
INFO 2025-05-23 09:04:06,005 basehttp "GET /api/stocks/symbols/ HTTP/1.1" 200 186
INFO 2025-05-23 09:04:11,927 basehttp "GET /api/stocks/significant-events/?symbol__ticker=GOOGL&event_type=PRICE_INCREASE HTTP/1.1" 200 52
WARNING 2025-05-23 09:09:52,659 log Unauthorized: /api/stocks/
WARNING 2025-05-23 09:09:52,660 basehttp "POST /api/stocks/ HTTP/1.1" 401 58
INFO 2025-05-23 09:14:15,922 autoreload C:\code\splint\stocks_api\views.py changed, reloading.
INFO 2025-05-23 09:14:18,022 autoreload Watching for file changes with StatReloader
INFO 2025-05-23 09:14:21,574 autoreload C:\code\splint\stocks_api\views.py changed, reloading.
INFO 2025-05-23 09:14:23,385 autoreload Watching for file changes with StatReloader
INFO 2025-05-23 09:20:51,918 autoreload C:\code\splint\stocks_api\views.py changed, reloading.
INFO 2025-05-23 09:20:54,043 autoreload Watching for file changes with StatReloader
INFO 2025-05-23 09:20:58,437 autoreload C:\code\splint\stocks_api\views.py changed, reloading.
INFO 2025-05-23 09:21:00,335 autoreload Watching for file changes with StatReloader
INFO 2025-05-23 09:21:08,102 autoreload C:\code\splint\stocks_api\views.py changed, reloading.
INFO 2025-05-23 09:21:09,865 autoreload Watching for file changes with StatReloader
INFO 2025-05-23 09:21:15,301 autoreload C:\code\splint\stocks_api\views.py changed, reloading.
INFO 2025-05-23 09:21:17,233 autoreload Watching for file changes with StatReloader
INFO 2025-05-23 09:21:32,539 autoreload C:\code\splint\stocks_api\views.py changed, reloading.
INFO 2025-05-23 09:21:34,354 autoreload Watching for file changes with StatReloader
INFO 2025-05-23 09:21:40,763 autoreload C:\code\splint\stocks_api\views.py changed, reloading.
INFO 2025-05-23 09:21:42,591 autoreload Watching for file changes with StatReloader
INFO 2025-05-23 09:21:44,659 autoreload C:\code\splint\stocks_api\views.py changed, reloading.
INFO 2025-05-23 09:21:46,473 autoreload Watching for file changes with StatReloader
INFO 2025-05-23 09:22:03,024 autoreload C:\code\splint\stocks_api\views.py changed, reloading.
INFO 2025-05-23 09:22:04,814 autoreload Watching for file changes with StatReloader
INFO 2025-05-23 09:22:31,231 autoreload C:\code\splint\stocks_api\urls.py changed, reloading.
INFO 2025-05-23 09:22:33,116 autoreload Watching for file changes with StatReloader
